   ----- MGMR3D_fit release of v5.1, March 2023      -------------------------
   ----- run on 26/ 8/2025 , started at 14:59: 1.957 -------------------------
Mesh in height, number=2000, stepsize=10.0[m], max height=20.0[km]
Mesh in distance from core, number= 80, stepsize= 10.0[m]
 Gaisser-Hillas parametrization used for long. sh. profile with X_0=   100.58000000000000      , lambda=   82.150000000000006     
&SHPARS
 OUTFILELABEL="SIM000001 ",
 TEST=F,
 ATMHEI_DIM=2000       ,
 ATMHEI_STEP=  10.000000000000000     ,
 SELECTFH=4          ,
 LAM_TC=  5.0000000000000003E-002,
 LAM_100=  7.0000000000000000     ,
 XDEPALPHA=  0.0000000000000000     ,
 INTEGRATECURRENT= -1.0000000000000000E-002,
 PANCAKEINCFIELD= 0.40999999999999998     ,
 OBSDIST_DIM=80         ,
 OBSDIST_STEP=  10.000000000000000     ,
 TTRACE_STEP=  2.0000000000000000E-002,
 LAMX=  82.150000000000006     ,
 U0=  10.000000000000000     ,
 A_CHX=  2.5000000000000000     ,
 J0Q= 0.20999999999999999     ,
 PADDING=5000       ,
 D_ESMOOTH= 0.40000000000000002     ,
 ALTERNATIVESMOOTH=T,
 U0=  10.000000000000000     ,
 F_LIM=  1.0000000000000000     ,
 NU_MIN=  0.0000000000000000     ,
 NU_MAX=  10000.000000000000     ,
 SAMPLINGTIME= 0.20000000000000001     ,
 STPARRANGE=-11        ,
 VOLTAGES=F,
 RH0=  2.9200000000000000E-004,
 MOLIERERADIUS=  0.0000000000000000     ,
 J0T=  14.770000000000000     ,
 GROUNDLEVEL=  7.5999999999999996     ,
 X_0=  100.58000000000000     ,
 X_MAX=  696.04999999999995     ,
 RNRMA=  3.2500000000000000     ,
 RNRMB= 0.65000000000000002     ,
 ZEN_SH=  45.000000000000000     ,
 AZI_SH=  80.000000000000000     ,
 ZEN_B=  22.190000000000001     ,
 AZI_B= -90.000000000000000     ,
 INTENSITY_WEIGHT=F,
 NOISEPOWER= -1.0000000000000000     ,
 ENERGY_SH=  4217212.0700000003     ,
 RL_PARAM=F,
 R_0= 0.28000000119209290     ,
 L_0=  215.00000000000000     ,
 FIT_STI=F,
 X_02=  749.62000000000000     ,
 LAMX2=  100.00000000000000     ,
 X_MAX2=  1121.3000000000000     ,
 R_02= 0.28000000119209290     ,
 L_02=  215.00000000000000     ,
 ENERGY_SH2=  421721.20700000005     ,
 /
 E-fields entered in steped-layer mode, smoothing parameter=  0.40
 Derived true E-fields from E-field steps:
 LIBRARY=
possible fit parameters:
    J0Q,    lamx,     X_0,   X_max, D_ESmth,      u0, XDepAlp, MollyRd, Shift_x, Shift_y, 
h_frc-1, h_frc-2, h_frc-3, h_frc-4, Force-1, Force-2, Force-3, Force-4, a_frc-1, a_frc-2, 
a_frc-3, a_frc-4, 
 No Pulse time traces written to file=plot/FitResultttrace-ddd-ttt.csv
 Shower current structure written to file=plot/sh_Current.dat
 data read from file=data/data_275251207_cut.dat
 data comparison written to file=plot/FitResult.dat
 !GiaId:   275251207 azimuth=   80.000000000000000      zenith=   45.000000000000000     
components vShower & B (East, North, UP)=(  0.123  0.696  0.707) & (  0.000 -0.378  0.926)
alpha_Bz=184.1deg, sin(alpha_Bs)=
Sin_Bz-test=  -0.05040  -0.05040
vBxvvB_z-test=   0.70711   0.70711
alpha_vB= 66.9deg, sin(alpha_vB)= 0.92
components vxB & vxvxB (East, North, UP)=(  0.991 -0.124 -0.050) & (  0.052  0.707 -0.705)
 reading antennas is finished
 reading scintillators is finished
 event number=   275251207  , # antennas=         212  , # scintillators=           0 , Zenith angle=  0.78539816339744828     

   start Initialize @ 14:59: 1.961 -------------------------
last true basis-grid time= 377.695, last observer time= 426.962[ns]
Refractivity at sea level=   2.920x 10^{-4}, Moliere radius=   0.0[m], J0Q= 0.2100
f(h) shape 4 with L=0.05[m], L@100m= 7.00[m] index for X-dependence =0.00
parametrization radial dependence of \lambda; @r=0: 0.05, @r= 1.0m: 0.07, @r= 800.0m:  56.0
Estimated penetration depth offset at topheight=  199.2    , air density at ground= 0.1228    
 !!! Warning, X_0=   100.58000000000000       falls above topheight !!!
 Initialize_shower:AtmHei_dim=        2000   100.58000000000000        199.40240007199986        587.28837076106458     
 NP_F=  0.15000000596046448       in "NPart*(1. +NP_F*(rho(1)/rho(i))*(Force_x(i)**2 + ..."
 Shower-power:   7.2485696895922080        3.7167999999999997     
 X_max= 696.05, X_0= 100.58, D=  7.690[km], H=  5.438[km], E= 4.22E+06[GeV], FootShift (x,y)=(    0.00,    0.00) [m], density@Xmax/.06=  1.17  0.02214
 X_max2=1121.30, X_02= 749.62, lamx2=100.000, E2= 4.22E+05[GeV]
Charge excess max@   7.57[km]= 743.5[g/cm^2]
 Curr_Xmax= 686.68, D=  8.400[km], H=  5.940[km], F_max=0.136 x 100 keV/m, cos_Zen=0.71 Peak current in x and y:  0.2320E+06   0.000    
No integrated charge dipole included
 Moli_tc is set automatically to    50.000000000000000       m, distance from ground to X_max=   7.6900000000000004       km
Zenith angle= 45.000 degree
Mesh in observer-time, number before start= 5000, total #=6400, stepsize=0.067[ns], total length of calculated signal= 427.0[ns]
Down-sampling to0.200[ns], Frequency range upto   2.5[GHz], in steps of   0.9[MHz]
Frequency filter from   0.9[MHz] till  2500.[MHz]
window size of -11 used for calculating observables
i_ant=  1, d=   114.8[m], phi=  -113.3[deg], I,Q/I,V/I,U/I=   0.9791E+09   0.9883  -0.1500  -0.0152; Data:   0.5566E-07  -0.4295  -0.4870   0.7434
i_ant=  2, d=    99.6[m], phi=  -110.0[deg], I,Q/I,V/I,U/I=   0.1034E+10   0.9896  -0.1409  -0.0091; Data:   0.7195E-07  -0.3529  -0.4694   0.8006
i_ant=  3, d=    99.1[m], phi=  -100.8[deg], I,Q/I,V/I,U/I=   0.1058E+10   0.9890  -0.1452  -0.0090; Data:   0.5425E-07  -0.6086  -0.2036   0.7560
i_ant=  4, d=   101.1[m], phi=   -98.2[deg], I,Q/I,V/I,U/I=   0.1062E+10   0.9886  -0.1476  -0.0099; Data:   0.5846E-07  -0.5679  -0.1965   0.7362
i_ant=  5, d=   112.5[m], phi=   -96.0[deg], I,Q/I,V/I,U/I=   0.1036E+10   0.9872  -0.1570  -0.0143; Data:   0.5896E-07  -0.6103  -0.2363   0.7055
i_ant=  6, d=   125.5[m], phi=   -97.2[deg], I,Q/I,V/I,U/I=   0.9735E+09   0.9856  -0.1659  -0.0228; Data:   0.5637E-07  -0.2767  -0.5614   0.7616
i_ant=  7, d=   132.7[m], phi=   -98.5[deg], I,Q/I,V/I,U/I=   0.9250E+09   0.9846  -0.1704  -0.0283; Data:   0.5005E-07  -0.2528  -0.3983   0.8601
i_ant=  8, d=   135.3[m], phi=  -104.5[deg], I,Q/I,V/I,U/I=   0.8916E+09   0.9847  -0.1699  -0.0303; Data:   0.4977E-07  -0.3766  -0.2659   0.8646
i_ant=  9, d=   135.6[m], phi=  -107.9[deg], I,Q/I,V/I,U/I=   0.8804E+09   0.9850  -0.1680  -0.0304; Data:   0.5974E-07  -0.4740  -0.4288   0.7228
i_ant= 10, d=   129.2[m], phi=  -111.2[deg], I,Q/I,V/I,U/I=   0.9136E+09   0.9863  -0.1615  -0.0249; Data:   0.4596E-07  -0.3670  -0.4725   0.7550
i_ant= 11, d=   128.5[m], phi=  -114.8[deg], I,Q/I,V/I,U/I=   0.9080E+09   0.9869  -0.1576  -0.0240; Data:   0.5570E-07  -0.5627  -0.1049   0.8072
i_ant= 12, d=   116.3[m], phi=  -116.8[deg], I,Q/I,V/I,U/I=   0.9648E+09   0.9887  -0.1475  -0.0158; Data:   0.5160E-07  -0.4851  -0.3276   0.8014
i_ant= 13, d=   103.7[m], phi=  -115.7[deg], I,Q/I,V/I,U/I=   0.1008E+10   0.9899  -0.1393  -0.0102; Data:   0.5637E-07  -0.4229  -0.5174   0.7196
i_ant= 14, d=    92.7[m], phi=  -110.3[deg], I,Q/I,V/I,U/I=   0.1030E+10   0.9906  -0.1344  -0.0050; Data:   0.6784E-07  -0.6130  -0.2206   0.7525
i_ant= 15, d=    99.7[m], phi=   -95.9[deg], I,Q/I,V/I,U/I=   0.1072E+10   0.9888  -0.1467  -0.0094; Data:   0.6924E-07  -0.3811  -0.2687   0.8432
i_ant= 16, d=   111.6[m], phi=   -92.1[deg], I,Q/I,V/I,U/I=   0.1050E+10   0.9873  -0.1563  -0.0136; Data:   0.5690E-07  -0.5081  -0.3792   0.7396
i_ant= 17, d=   133.6[m], phi=   -95.4[deg], I,Q/I,V/I,U/I=   0.9277E+09   0.9845  -0.1713  -0.0289; Data:   0.6006E-07  -0.5259  -0.3446   0.7550
i_ant= 18, d=   139.4[m], phi=   -99.6[deg], I,Q/I,V/I,U/I=   0.8780E+09   0.9837  -0.1744  -0.0339; Data:   0.3830E-07  -0.5593  -0.3275   0.7461
i_ant= 19, d=   144.0[m], phi=  -105.7[deg], I,Q/I,V/I,U/I=   0.8238E+09   0.9836  -0.1746  -0.0368; Data:   0.4885E-07  -0.4619  -0.3050   0.8132
i_ant= 20, d=   137.6[m], phi=  -112.4[deg], I,Q/I,V/I,U/I=   0.8557E+09   0.9854  -0.1655  -0.0315; Data:   0.4634E-07  -0.1299  -0.2488   0.9359
i_ant= 21, d=   134.6[m], phi=  -118.0[deg], I,Q/I,V/I,U/I=   0.8609E+09   0.9868  -0.1575  -0.0282; Data:   0.5928E-07  -0.3854  -0.3071   0.8458
i_ant= 22, d=   120.1[m], phi=  -119.6[deg], I,Q/I,V/I,U/I=   0.9436E+09   0.9887  -0.1469  -0.0179; Data:   0.4774E-07  -0.6676  -0.3308   0.6549
i_ant= 23, d=   105.7[m], phi=  -119.5[deg], I,Q/I,V/I,U/I=   0.9928E+09   0.9903  -0.1367  -0.0105; Data:   0.7384E-07  -0.3418  -0.3050   0.8816
i_ant= 24, d=    97.9[m], phi=  -118.7[deg], I,Q/I,V/I,U/I=   0.1011E+10   0.9910  -0.1315  -0.0078; Data:   0.6021E-07  -0.4749  -0.2096   0.8471
i_ant= 25, d=   116.4[m], phi=   -88.1[deg], I,Q/I,V/I,U/I=   0.1044E+10   0.9869  -0.1589  -0.0165; Data:   0.6268E-07  -0.5038  -0.3401   0.7906
i_ant= 26, d=   134.0[m], phi=   -91.2[deg], I,Q/I,V/I,U/I=   0.9369E+09   0.9845  -0.1713  -0.0290; Data:   0.4154E-07  -0.4031  -0.3167   0.8232
i_ant= 27, d=   149.3[m], phi=   -98.8[deg], I,Q/I,V/I,U/I=   0.7989E+09   0.9823  -0.1805  -0.0403; Data:   0.4788E-07  -0.5428  -0.3572   0.7520
i_ant= 28, d=   148.0[m], phi=  -109.8[deg], I,Q/I,V/I,U/I=   0.7820E+09   0.9836  -0.1740  -0.0389; Data:   0.4539E-07  -0.3280  -0.4420   0.8151
i_ant= 29, d=   143.1[m], phi=  -111.6[deg], I,Q/I,V/I,U/I=   0.8169E+09   0.9845  -0.1695  -0.0356; Data:   0.4119E-07  -0.5658  -0.6651   0.4654
i_ant= 30, d=   147.5[m], phi=  -113.3[deg], I,Q/I,V/I,U/I=   0.7770E+09   0.9843  -0.1705  -0.0381; Data:   0.4602E-07  -0.4154  -0.5372   0.7241
i_ant= 31, d=    78.4[m], phi=  -114.0[deg], I,Q/I,V/I,U/I=   0.1003E+10   0.9928  -0.1175   0.0016; Data:   0.6159E-07  -0.6166  -0.4280   0.6332
i_ant= 32, d=    77.4[m], phi=  -102.4[deg], I,Q/I,V/I,U/I=   0.1027E+10   0.9920  -0.1232   0.0015; Data:   0.6571E-07  -0.5296  -0.2614   0.7760
i_ant= 33, d=   131.6[m], phi=   -89.2[deg], I,Q/I,V/I,U/I=   0.9590E+09   0.9849  -0.1694  -0.0269; Data:   0.5510E-07  -0.6893  -0.2004   0.6701
i_ant= 34, d=   146.6[m], phi=   -91.8[deg], I,Q/I,V/I,U/I=   0.8393E+09   0.9827  -0.1791  -0.0382; Data:   0.4225E-07  -0.4927  -0.4773   0.6213
i_ant= 35, d=    79.0[m], phi=  -173.5[deg], I,Q/I,V/I,U/I=   0.9250E+09   0.9999  -0.0151   0.0002; Data:   0.6113E-07  -0.6272  -0.2907   0.7105
i_ant= 36, d=    58.1[m], phi=   157.4[deg], I,Q/I,V/I,U/I=   0.9029E+09   0.9991   0.0405  -0.0027; Data:   0.6596E-07  -0.5961  -0.4354   0.6617
i_ant= 37, d=    47.7[m], phi=   168.3[deg], I,Q/I,V/I,U/I=   0.8805E+09   0.9998   0.0186  -0.0013; Data:   0.5064E-07  -0.4387  -0.6518   0.6108
i_ant= 38, d=    44.5[m], phi=   177.6[deg], I,Q/I,V/I,U/I=   0.8727E+09   1.0000   0.0035  -0.0003; Data:   0.5574E-07  -0.4596  -0.4644   0.7281
i_ant= 39, d=    51.0[m], phi=  -162.9[deg], I,Q/I,V/I,U/I=   0.8886E+09   0.9996  -0.0287   0.0019; Data:   0.6297E-07  -0.3799  -0.4637   0.7810
i_ant= 40, d=    80.2[m], phi=  -168.6[deg], I,Q/I,V/I,U/I=   0.9272E+09   0.9996  -0.0267   0.0004; Data:   0.8153E-07  -0.5470  -0.2500   0.7873
i_ant= 41, d=    85.8[m], phi=  -172.9[deg], I,Q/I,V/I,U/I=   0.9293E+09   0.9998  -0.0176  -0.0002; Data:   0.6424E-07  -0.5190  -0.3162   0.7777
i_ant= 42, d=    87.1[m], phi=   170.2[deg], I,Q/I,V/I,U/I=   0.9315E+09   0.9997   0.0244   0.0004; Data:   0.4838E-07  -0.6032  -0.4788   0.5898
i_ant= 43, d=    82.7[m], phi=   161.4[deg], I,Q/I,V/I,U/I=   0.9331E+09   0.9990   0.0441  -0.0001; Data:   0.5717E-07  -0.7106  -0.4752   0.5109
i_ant= 44, d=    71.5[m], phi=   155.3[deg], I,Q/I,V/I,U/I=   0.9365E+09   0.9985   0.0524  -0.0002; Data:   0.5505E-07  -0.6167  -0.4316   0.6414
i_ant= 45, d=    63.1[m], phi=   152.2[deg], I,Q/I,V/I,U/I=   0.9185E+09   0.9985   0.0524  -0.0023; Data:   0.5719E-07  -0.5627  -0.4697   0.6652
i_ant= 46, d=    51.6[m], phi=   154.6[deg], I,Q/I,V/I,U/I=   0.8942E+09   0.9990   0.0421  -0.0028; Data:   0.5376E-07  -0.5452  -0.2432   0.7932
i_ant= 47, d=    38.6[m], phi=   166.7[deg], I,Q/I,V/I,U/I=   0.8662E+09   0.9998   0.0170  -0.0015; Data:   0.5607E-07  -0.6540  -0.4936   0.5606
i_ant= 48, d=    75.2[m], phi=  -160.1[deg], I,Q/I,V/I,U/I=   0.9316E+09   0.9990  -0.0443   0.0004; Data:   0.5955E-07  -0.3226  -0.5036   0.7965
i_ant= 49, d=    82.1[m], phi=  -162.9[deg], I,Q/I,V/I,U/I=   0.9315E+09   0.9991  -0.0405   0.0003; Data:   0.6032E-07  -0.5151  -0.3019   0.7525
i_ant= 50, d=    91.6[m], phi=  -173.7[deg], I,Q/I,V/I,U/I=   0.9326E+09   0.9999  -0.0165  -0.0006; Data:   0.5967E-07  -0.5897  -0.3735   0.6826
i_ant= 51, d=    97.5[m], phi=   176.0[deg], I,Q/I,V/I,U/I=   0.9296E+09   0.9999   0.0109   0.0007; Data:   0.6404E-07  -0.4371  -0.3750   0.7671
i_ant= 52, d=    89.9[m], phi=   164.7[deg], I,Q/I,V/I,U/I=   0.9380E+09   0.9992   0.0390   0.0010; Data:   0.5921E-07  -0.3953  -0.5118   0.7121
i_ant= 53, d=    71.2[m], phi=   147.4[deg], I,Q/I,V/I,U/I=   0.9449E+09   0.9976   0.0671  -0.0002; Data:   0.4827E-07  -0.5905  -0.6189   0.4981
i_ant= 54, d=    46.9[m], phi=   144.4[deg], I,Q/I,V/I,U/I=   0.8927E+09   0.9985   0.0520  -0.0038; Data:   0.4119E-07  -0.5218  -0.5375   0.5966
i_ant= 55, d=    31.4[m], phi=  -178.8[deg], I,Q/I,V/I,U/I=   0.8607E+09   1.0000  -0.0014   0.0001; Data:   0.5909E-07  -0.5465  -0.5287   0.6333
i_ant= 56, d=    35.9[m], phi=  -170.4[deg], I,Q/I,V/I,U/I=   0.8635E+09   0.9999  -0.0118   0.0009; Data:   0.7048E-07  -0.5476  -0.3853   0.7369
i_ant= 57, d=    31.9[m], phi=  -162.3[deg], I,Q/I,V/I,U/I=   0.8636E+09   0.9998  -0.0204   0.0011; Data:   0.6173E-07  -0.4650  -0.4823   0.7182
i_ant= 58, d=    68.7[m], phi=  -147.8[deg], I,Q/I,V/I,U/I=   0.9405E+09   0.9978  -0.0646   0.0005; Data:   0.6641E-07  -0.5626  -0.3958   0.7138
i_ant= 59, d=    99.9[m], phi=  -169.7[deg], I,Q/I,V/I,U/I=   0.9315E+09   0.9996  -0.0283  -0.0020; Data:   0.5561E-07  -0.5331  -0.4057   0.7102
i_ant= 60, d=   102.7[m], phi=  -178.7[deg], I,Q/I,V/I,U/I=   0.9199E+09   1.0000  -0.0038  -0.0003; Data:   0.7913E-07  -0.5917  -0.3748   0.6975
i_ant= 61, d=    76.4[m], phi=   147.3[deg], I,Q/I,V/I,U/I=   0.9444E+09   0.9974   0.0704  -0.0008; Data:   0.3760E-07  -0.6991  -0.5822   0.3826
i_ant= 62, d=    64.6[m], phi=   138.4[deg], I,Q/I,V/I,U/I=   0.9382E+09   0.9970   0.0756  -0.0025; Data:   0.5712E-07  -0.6608  -0.6543   0.3539
i_ant= 63, d=   189.1[m], phi=  -134.7[deg], I,Q/I,V/I,U/I=   0.4282E+09   0.9851  -0.1579  -0.0589; Data:   0.3887E-07  -0.5775   0.0063   0.7837
i_ant= 64, d=   198.0[m], phi=  -130.5[deg], I,Q/I,V/I,U/I=   0.3806E+09   0.9817  -0.1733  -0.0689; Data:   0.2362E-07  -0.5776  -0.5073   0.5804
i_ant= 65, d=   223.5[m], phi=  -133.9[deg], I,Q/I,V/I,U/I=   0.2523E+09   0.9782  -0.1844  -0.0847; Data:   0.2475E-07  -0.6844  -0.5493   0.3531
i_ant= 66, d=   222.9[m], phi=  -137.3[deg], I,Q/I,V/I,U/I=   0.2517E+09   0.9806  -0.1740  -0.0803; Data:   0.1629E-07  -0.6195  -0.4628   0.6071
i_ant= 67, d=   221.1[m], phi=  -139.3[deg], I,Q/I,V/I,U/I=   0.2570E+09   0.9822  -0.1664  -0.0766; Data:   0.2073E-07  -0.6869  -0.5274   0.3950
i_ant= 68, d=   207.7[m], phi=  -140.6[deg], I,Q/I,V/I,U/I=   0.3164E+09   0.9855  -0.1526  -0.0643; Data:   0.2401E-07  -0.7515  -0.3928   0.4553
i_ant= 69, d=   199.7[m], phi=  -140.9[deg], I,Q/I,V/I,U/I=   0.3592E+09   0.9868  -0.1466  -0.0601; Data:   0.2466E-07  -0.6200  -0.3496   0.6512
i_ant= 70, d=   192.1[m], phi=  -139.1[deg], I,Q/I,V/I,U/I=   0.4044E+09   0.9868  -0.1478  -0.0569; Data:   0.2300E-07  -0.4964  -0.4316   0.7366
i_ant= 71, d=   184.2[m], phi=  -138.8[deg], I,Q/I,V/I,U/I=   0.4548E+09   0.9877  -0.1444  -0.0515; Data:   0.3533E-07  -0.7716  -0.1555   0.5683
i_ant= 72, d=   182.1[m], phi=  -134.8[deg], I,Q/I,V/I,U/I=   0.4741E+09   0.9862  -0.1535  -0.0533; Data:   0.3101E-07  -0.3112  -0.2431   0.8044
i_ant= 73, d=   191.6[m], phi=  -129.8[deg], I,Q/I,V/I,U/I=   0.4193E+09   0.9825  -0.1710  -0.0646; Data:   0.2840E-07  -0.6578  -0.0838   0.7457
i_ant= 74, d=   198.8[m], phi=  -128.5[deg], I,Q/I,V/I,U/I=   0.3785E+09   0.9806  -0.1783  -0.0711; Data:   0.2521E-07  -0.7911  -0.3537   0.4747
i_ant= 75, d=   215.6[m], phi=  -129.6[deg], I,Q/I,V/I,U/I=   0.2897E+09   0.9775  -0.1889  -0.0821; Data:   0.2463E-07  -0.3156  -0.3978   0.8266
i_ant= 76, d=   222.4[m], phi=  -130.7[deg], I,Q/I,V/I,U/I=   0.2598E+09   0.9764  -0.1923  -0.0873; Data:   0.1877E-07  -0.7056  -0.2235   0.6494
i_ant= 77, d=   230.9[m], phi=  -133.4[deg], I,Q/I,V/I,U/I=   0.2251E+09   0.9759  -0.1925  -0.0909; Data:   0.1550E-07  -0.7671  -0.4175   0.3704
i_ant= 78, d=   228.4[m], phi=  -139.1[deg], I,Q/I,V/I,U/I=   0.2291E+09   0.9806  -0.1729  -0.0817; Data:   0.1895E-07  -0.8185  -0.3306   0.4005
i_ant= 79, d=   219.8[m], phi=  -141.2[deg], I,Q/I,V/I,U/I=   0.2610E+09   0.9837  -0.1596  -0.0732; Data:   0.1486E-07  -0.6772  -0.4076   0.5855
i_ant= 80, d=   205.6[m], phi=  -143.1[deg], I,Q/I,V/I,U/I=   0.3249E+09   0.9873  -0.1434  -0.0603; Data:   0.3024E-07  -0.8464  -0.2606   0.4387
i_ant= 81, d=   175.9[m], phi=  -140.4[deg], I,Q/I,V/I,U/I=   0.5084E+09   0.9894  -0.1358  -0.0447; Data:   0.3564E-07  -0.4348  -0.4345   0.7694
i_ant= 82, d=   219.3[m], phi=  -127.1[deg], I,Q/I,V/I,U/I=   0.2761E+09   0.9750  -0.1983  -0.0881; Data:   0.2144E-07  -0.5803  -0.1911   0.7369
i_ant= 83, d=   223.7[m], phi=  -143.6[deg], I,Q/I,V/I,U/I=   0.2435E+09   0.9846  -0.1544  -0.0723; Data:   0.1536E-07  -0.7688  -0.1664   0.5860
i_ant= 84, d=   215.7[m], phi=  -144.0[deg], I,Q/I,V/I,U/I=   0.2759E+09   0.9863  -0.1473  -0.0658; Data:   0.1982E-07  -0.4714  -0.4735   0.5635
i_ant= 85, d=   190.8[m], phi=  -143.3[deg], I,Q/I,V/I,U/I=   0.4079E+09   0.9890  -0.1351  -0.0518; Data:   0.2671E-07  -0.7660  -0.3284   0.5416
i_ant= 86, d=   197.6[m], phi=  -124.1[deg], I,Q/I,V/I,U/I=   0.3913E+09   0.9789  -0.1865  -0.0731; Data:   0.2375E-07  -0.6774  -0.2355   0.6719
i_ant= 87, d=   213.2[m], phi=  -124.8[deg], I,Q/I,V/I,U/I=   0.3059E+09   0.9756  -0.1977  -0.0835; Data:   0.2249E-07  -0.6351  -0.6581   0.3706
i_ant= 88, d=   241.5[m], phi=  -137.6[deg], I,Q/I,V/I,U/I=   0.1933E+09   0.9769  -0.1862  -0.0933; Data:   0.1551E-07  -0.4263  -0.3320   0.7888
i_ant= 89, d=   260.0[m], phi=  -103.7[deg], I,Q/I,V/I,U/I=   0.1758E+09   0.9524  -0.2684  -0.1291; Data:   0.9841E-08  -0.7626  -0.5062   0.3499
i_ant= 90, d=   261.6[m], phi=  -104.3[deg], I,Q/I,V/I,U/I=   0.1721E+09   0.9520  -0.2690  -0.1303; Data:   0.1460E-07  -0.7668  -0.2440   0.5353
i_ant= 91, d=   251.3[m], phi=  -106.9[deg], I,Q/I,V/I,U/I=   0.1935E+09   0.9562  -0.2588  -0.1220; Data:   0.1455E-07  -0.8919  -0.2696   0.3563
i_ant= 92, d=   230.3[m], phi=   -98.9[deg], I,Q/I,V/I,U/I=   0.2626E+09   0.9618  -0.2463  -0.1062; Data:   0.1756E-07  -0.6467  -0.3300   0.6504
i_ant= 93, d=   244.6[m], phi=   -98.5[deg], I,Q/I,V/I,U/I=   0.2200E+09   0.9571  -0.2581  -0.1171; Data:   0.2008E-07  -0.8790  -0.2276   0.3668
i_ant= 94, d=   258.8[m], phi=  -100.5[deg], I,Q/I,V/I,U/I=   0.1816E+09   0.9524  -0.2691  -0.1276; Data:   0.1735E-07  -0.9070  -0.0533   0.2619
i_ant= 95, d=   266.5[m], phi=  -101.0[deg], I,Q/I,V/I,U/I=   0.1646E+09   0.9500  -0.2744  -0.1334; Data:   0.6447E-08  -0.8336  -0.1197   0.3369
i_ant= 96, d=   267.2[m], phi=  -103.7[deg], I,Q/I,V/I,U/I=   0.1610E+09   0.9501  -0.2733  -0.1344; Data:   0.8033E-08  -0.8119  -0.2883   0.4048
i_ant= 97, d=   262.2[m], phi=  -106.3[deg], I,Q/I,V/I,U/I=   0.1692E+09   0.9523  -0.2678  -0.1307; Data:   0.8827E-08  -0.8508  -0.2790   0.1756
i_ant= 98, d=   257.9[m], phi=  -107.3[deg], I,Q/I,V/I,U/I=   0.1776E+09   0.9540  -0.2637  -0.1273; Data:   0.8980E-08  -0.8102  -0.4502   0.3351
i_ant= 99, d=   251.2[m], phi=  -108.5[deg], I,Q/I,V/I,U/I=   0.1922E+09   0.9566  -0.2573  -0.1218; Data:   0.1523E-07  -0.7110  -0.1180   0.6359
i_ant=100, d=   233.9[m], phi=  -108.0[deg], I,Q/I,V/I,U/I=   0.2415E+09   0.9620  -0.2436  -0.1095; Data:   0.1314E-07  -0.3386  -0.7267   0.3571
i_ant=101, d=   226.7[m], phi=  -107.2[deg], I,Q/I,V/I,U/I=   0.2673E+09   0.9643  -0.2376  -0.1035; Data:   0.1368E-07  -0.7082  -0.6860   0.0265
i_ant=102, d=   217.8[m], phi=  -104.5[deg], I,Q/I,V/I,U/I=   0.3098E+09   0.9671  -0.2301  -0.0958; Data:   0.2286E-07  -0.7523  -0.5331   0.3411
i_ant=103, d=   233.3[m], phi=   -97.3[deg], I,Q/I,V/I,U/I=   0.2550E+09   0.9608  -0.2490  -0.1084; Data:   0.2093E-07  -0.7372  -0.4807  -0.0641
i_ant=104, d=   269.5[m], phi=  -106.2[deg], I,Q/I,V/I,U/I=   0.1546E+09   0.9499  -0.2731  -0.1362; Data:   0.1192E-07  -0.6620  -0.4488   0.5197
i_ant=105, d=   265.9[m], phi=  -107.7[deg], I,Q/I,V/I,U/I=   0.1603E+09   0.9515  -0.2691  -0.1335; Data:   0.6117E-08  -0.8861  -0.2950  -0.0825
i_ant=106, d=   249.4[m], phi=  -109.8[deg], I,Q/I,V/I,U/I=   0.1956E+09   0.9576  -0.2544  -0.1203; Data:   0.1961E-07  -0.9274  -0.1348   0.1977
i_ant=107, d=   231.7[m], phi=  -110.4[deg], I,Q/I,V/I,U/I=   0.2454E+09   0.9634  -0.2393  -0.1072; Data:   0.1599E-07  -0.7722  -0.3765   0.4734
i_ant=108, d=   220.8[m], phi=  -109.1[deg], I,Q/I,V/I,U/I=   0.2905E+09   0.9669  -0.2295  -0.0985; Data:   0.2026E-07  -0.7107  -0.2065   0.6667
i_ant=109, d=   217.8[m], phi=  -106.8[deg], I,Q/I,V/I,U/I=   0.3066E+09   0.9675  -0.2285  -0.0957; Data:   0.2825E-07  -0.6110  -0.3384   0.6854
i_ant=110, d=   218.9[m], phi=   -97.0[deg], I,Q/I,V/I,U/I=   0.3146E+09   0.9660  -0.2343  -0.0964; Data:   0.2273E-07  -0.4175  -0.2432   0.8450
i_ant=111, d=   260.5[m], phi=   -96.3[deg], I,Q/I,V/I,U/I=   0.1814E+09   0.9518  -0.2714  -0.1277; Data:   0.1501E-07  -0.9514   0.1646   0.1737
i_ant=112, d=   270.8[m], phi=  -108.9[deg], I,Q/I,V/I,U/I=   0.1502E+09   0.9502  -0.2713  -0.1371; Data:   0.1355E-07  -0.8050  -0.1761  -0.1421
i_ant=113, d=   255.6[m], phi=  -111.7[deg], I,Q/I,V/I,U/I=   0.1792E+09   0.9563  -0.2568  -0.1246; Data:   0.9543E-08  -0.8198  -0.3118   0.4489
i_ant=114, d=   239.6[m], phi=  -112.1[deg], I,Q/I,V/I,U/I=   0.2207E+09   0.9614  -0.2437  -0.1139; Data:   0.1426E-07  -0.7083  -0.4722   0.3346
i_ant=115, d=   203.2[m], phi=  -105.6[deg], I,Q/I,V/I,U/I=   0.3847E+09   0.9718  -0.2155  -0.0834; Data:   0.2688E-07  -0.8743  -0.1783   0.4438
i_ant=116, d=   214.0[m], phi=   -95.4[deg], I,Q/I,V/I,U/I=   0.3400E+09   0.9678  -0.2292  -0.0909; Data:   0.2349E-07  -0.7913  -0.3354   0.4658
i_ant=117, d=   218.9[m], phi=   -70.6[deg], I,Q/I,V/I,U/I=   0.3487E+09   0.9723  -0.2141  -0.0827; Data:   0.4015E-07  -0.7134  -0.1791   0.6079
i_ant=118, d=   221.6[m], phi=   -70.3[deg], I,Q/I,V/I,U/I=   0.3356E+09   0.9717  -0.2161  -0.0844; Data:   0.3493E-07  -0.7637  -0.2600   0.5430
i_ant=119, d=   232.6[m], phi=   -73.0[deg], I,Q/I,V/I,U/I=   0.2849E+09   0.9673  -0.2306  -0.0939; Data:   0.2179E-07  -0.8143  -0.3056   0.3761
i_ant=120, d=   232.5[m], phi=   -76.9[deg], I,Q/I,V/I,U/I=   0.2808E+09   0.9656  -0.2361  -0.0970; Data:   0.1857E-07  -0.8488   0.0376   0.4930
i_ant=121, d=   220.5[m], phi=   -79.5[deg], I,Q/I,V/I,U/I=   0.3296E+09   0.9683  -0.2276  -0.0905; Data:   0.2058E-07  -0.6458  -0.5448   0.5067
i_ant=122, d=   207.2[m], phi=   -79.5[deg], I,Q/I,V/I,U/I=   0.4003E+09   0.9725  -0.2147  -0.0791; Data:   0.2704E-07  -0.8732  -0.4252   0.1945
i_ant=123, d=   196.2[m], phi=   -72.7[deg], I,Q/I,V/I,U/I=   0.4823E+09   0.9770  -0.1979  -0.0687; Data:   0.3204E-07  -0.7295  -0.2300   0.5530
i_ant=124, d=   203.7[m], phi=   -70.9[deg], I,Q/I,V/I,U/I=   0.4347E+09   0.9761  -0.2011  -0.0721; Data:   0.2685E-07  -0.4819  -0.2763   0.8228
i_ant=125, d=   219.5[m], phi=   -68.8[deg], I,Q/I,V/I,U/I=   0.3480E+09   0.9729  -0.2116  -0.0817; Data:   0.2220E-07  -0.7659  -0.3712   0.3935
i_ant=126, d=   230.8[m], phi=   -70.3[deg], I,Q/I,V/I,U/I=   0.2937E+09   0.9690  -0.2250  -0.0903; Data:   0.1638E-07  -0.4483  -0.4046   0.7596
i_ant=127, d=   236.4[m], phi=   -77.2[deg], I,Q/I,V/I,U/I=   0.2678E+09   0.9643  -0.2396  -0.1002; Data:   0.1585E-07  -0.8935  -0.2216   0.1330
i_ant=128, d=   233.0[m], phi=   -79.0[deg], I,Q/I,V/I,U/I=   0.2767E+09   0.9646  -0.2391  -0.0990; Data:   0.2353E-07  -0.8518  -0.3258   0.1748
i_ant=129, d=   223.3[m], phi=   -81.4[deg], I,Q/I,V/I,U/I=   0.3140E+09   0.9669  -0.2322  -0.0936; Data:   0.2880E-07  -0.7235  -0.6075   0.2702
i_ant=130, d=   200.0[m], phi=   -81.1[deg], I,Q/I,V/I,U/I=   0.4434E+09   0.9738  -0.2101  -0.0763; Data:   0.3566E-07  -0.6901  -0.3323   0.5902
i_ant=131, d=   192.5[m], phi=   -78.5[deg], I,Q/I,V/I,U/I=   0.4981E+09   0.9761  -0.2022  -0.0691; Data:   0.3539E-07  -0.6229  -0.3730   0.6814
i_ant=132, d=   196.2[m], phi=   -69.5[deg], I,Q/I,V/I,U/I=   0.4872E+09   0.9781  -0.1934  -0.0667; Data:   0.3396E-07  -0.5812  -0.1860   0.7799
i_ant=133, d=   218.0[m], phi=   -67.0[deg], I,Q/I,V/I,U/I=   0.3577E+09   0.9742  -0.2071  -0.0789; Data:   0.2438E-07  -0.8019  -0.3477   0.3693
i_ant=134, d=   231.3[m], phi=   -68.5[deg], I,Q/I,V/I,U/I=   0.2941E+09   0.9698  -0.2222  -0.0890; Data:   0.1808E-07  -0.4878  -0.2196   0.8339
i_ant=135, d=   245.0[m], phi=   -73.7[deg], I,Q/I,V/I,U/I=   0.2439E+09   0.9637  -0.2411  -0.1022; Data:   0.1884E-07  -0.9287  -0.2639  -0.0058
i_ant=136, d=   246.3[m], phi=   -77.8[deg], I,Q/I,V/I,U/I=   0.2357E+09   0.9614  -0.2480  -0.1064; Data:   0.1188E-07  -0.4560  -0.3752   0.7110
i_ant=137, d=   221.6[m], phi=   -83.7[deg], I,Q/I,V/I,U/I=   0.3187E+09   0.9668  -0.2326  -0.0938; Data:   0.2522E-07  -0.9204  -0.3048   0.0044
i_ant=138, d=   190.4[m], phi=   -69.6[deg], I,Q/I,V/I,U/I=   0.5282E+09   0.9792  -0.1898  -0.0628; Data:   0.2656E-07  -0.7278  -0.2461   0.6148
i_ant=139, d=   224.4[m], phi=   -64.7[deg], I,Q/I,V/I,U/I=   0.3284E+09   0.9737  -0.2086  -0.0811; Data:   0.2327E-07  -0.7809  -0.2530   0.5034
i_ant=140, d=   229.0[m], phi=   -84.8[deg], I,Q/I,V/I,U/I=   0.2844E+09   0.9639  -0.2412  -0.0998; Data:   0.1842E-07  -0.5741  -0.5464   0.5597
i_ant=141, d=   190.2[m], phi=   -84.6[deg], I,Q/I,V/I,U/I=   0.5033E+09   0.9753  -0.2056  -0.0700; Data:   0.3217E-07  -0.7487  -0.2863   0.5539
i_ant=142, d=   176.7[m], phi=   -72.0[deg], I,Q/I,V/I,U/I=   0.6302E+09   0.9809  -0.1839  -0.0539; Data:   0.3794E-07  -0.5314  -0.0709   0.8289
i_ant=143, d=   262.5[m], phi=   106.1[deg], I,Q/I,V/I,U/I=   0.1686E+09   0.9521   0.2682   0.1310; Data:   0.5332E-07  -0.4613  -0.6561   0.5398
i_ant=144, d=   263.4[m], phi=   106.7[deg], I,Q/I,V/I,U/I=   0.1664E+09   0.9520   0.2682   0.1316; Data:   0.4840E-07  -0.6832  -0.6551   0.2587
i_ant=145, d=   278.9[m], phi=   106.8[deg], I,Q/I,V/I,U/I=   0.1386E+09   0.9468   0.2789   0.1439; Data:   0.5249E-07  -0.5556  -0.5234   0.6433
i_ant=146, d=   289.9[m], phi=   104.4[deg], I,Q/I,V/I,U/I=   0.1248E+09   0.9420   0.2887   0.1540; Data:   0.4197E-07  -0.6918  -0.5904   0.4069
i_ant=147, d=   292.0[m], phi=   103.6[deg], I,Q/I,V/I,U/I=   0.1225E+09   0.9412   0.2906   0.1548; Data:   0.4605E-07  -0.7260  -0.5954   0.3206
i_ant=148, d=   288.4[m], phi=   101.3[deg], I,Q/I,V/I,U/I=   0.1289E+09   0.9421   0.2895   0.1519; Data:   0.5268E-07  -0.7706  -0.5606   0.2817
i_ant=149, d=   278.8[m], phi=    99.5[deg], I,Q/I,V/I,U/I=   0.1441E+09   0.9457   0.2835   0.1427; Data:   0.5268E-07  -0.5512  -0.6048   0.5322
i_ant=150, d=   272.0[m], phi=    98.6[deg], I,Q/I,V/I,U/I=   0.1560E+09   0.9480   0.2791   0.1370; Data:   0.4959E-07  -0.5376  -0.7696   0.3390
i_ant=151, d=   253.2[m], phi=   103.5[deg], I,Q/I,V/I,U/I=   0.1920E+09   0.9548   0.2629   0.1235; Data:   0.5994E-07  -0.4748  -0.6828   0.5416
i_ant=152, d=   249.1[m], phi=   105.1[deg], I,Q/I,V/I,U/I=   0.2009E+09   0.9565   0.2586   0.1205; Data:   0.5413E-07  -0.6911  -0.4803   0.5032
i_ant=153, d=   257.6[m], phi=   107.3[deg], I,Q/I,V/I,U/I=   0.1783E+09   0.9541   0.2635   0.1271; Data:   0.5434E-07  -0.5420  -0.6332   0.5359
i_ant=154, d=   269.8[m], phi=   108.1[deg], I,Q/I,V/I,U/I=   0.1524E+09   0.9503   0.2715   0.1364; Data:   0.5517E-07  -0.5378  -0.6714   0.4864
i_ant=155, d=   276.1[m], phi=   108.1[deg], I,Q/I,V/I,U/I=   0.1421E+09   0.9482   0.2756   0.1415; Data:   0.5771E-07  -0.3596  -0.4461   0.8035
i_ant=156, d=   293.8[m], phi=   104.7[deg], I,Q/I,V/I,U/I=   0.1193E+09   0.9409   0.2909   0.1557; Data:   0.5711E-07  -0.7421  -0.5252   0.4098
i_ant=157, d=   296.1[m], phi=   103.3[deg], I,Q/I,V/I,U/I=   0.1171E+09   0.9400   0.2936   0.1565; Data:   0.5109E-07  -0.7392  -0.5873   0.2796
i_ant=158, d=   295.4[m], phi=   100.7[deg], I,Q/I,V/I,U/I=   0.1197E+09   0.9398   0.2946   0.1555; Data:   0.4828E-07  -0.8955  -0.4118   0.1184
i_ant=159, d=   285.6[m], phi=    98.6[deg], I,Q/I,V/I,U/I=   0.1345E+09   0.9431   0.2885   0.1485; Data:   0.6396E-07  -0.6771  -0.4665   0.5559
i_ant=160, d=   277.7[m], phi=    97.7[deg], I,Q/I,V/I,U/I=   0.1472E+09   0.9461   0.2832   0.1412; Data:   0.5286E-07  -0.7022  -0.4569   0.5351
i_ant=161, d=   266.0[m], phi=    97.8[deg], I,Q/I,V/I,U/I=   0.1683E+09   0.9500   0.2750   0.1322; Data:   0.5228E-07  -0.4990  -0.6555   0.5011
i_ant=162, d=   251.0[m], phi=    99.1[deg], I,Q/I,V/I,U/I=   0.2015E+09   0.9551   0.2632   0.1211; Data:   0.4949E-07  -0.4111  -0.6477   0.6246
i_ant=163, d=   244.7[m], phi=   102.9[deg], I,Q/I,V/I,U/I=   0.2153E+09   0.9575   0.2564   0.1179; Data:   0.6050E-07  -0.3419  -0.6228   0.6970
i_ant=164, d=   251.5[m], phi=   108.0[deg], I,Q/I,V/I,U/I=   0.1921E+09   0.9564   0.2579   0.1220; Data:   0.6155E-07  -0.5091  -0.7412   0.3223
i_ant=165, d=   264.9[m], phi=   109.3[deg], I,Q/I,V/I,U/I=   0.1612E+09   0.9523   0.2667   0.1325; Data:   0.4990E-07  -0.6494  -0.6892   0.2966
i_ant=166, d=   272.7[m], phi=   109.6[deg], I,Q/I,V/I,U/I=   0.1464E+09   0.9499   0.2717   0.1386; Data:   0.6482E-07  -0.6619  -0.4193   0.6157
i_ant=167, d=   289.9[m], phi=   108.0[deg], I,Q/I,V/I,U/I=   0.1224E+09   0.9430   0.2853   0.1541; Data:   0.6285E-07  -0.6032  -0.7255   0.3199
i_ant=168, d=   302.8[m], phi=   105.6[deg], I,Q/I,V/I,U/I=   0.1072E+09   0.9382   0.2963   0.1605; Data:   0.5570E-07  -0.6744  -0.6558   0.3131
i_ant=169, d=   305.7[m], phi=   103.4[deg], I,Q/I,V/I,U/I=   0.1051E+09   0.9367   0.3000   0.1622; Data:   0.4092E-07  -0.7081  -0.4987   0.4924
i_ant=170, d=   286.2[m], phi=    96.7[deg], I,Q/I,V/I,U/I=   0.1351E+09   0.9429   0.2893   0.1482; Data:   0.5510E-07  -0.4401  -0.5096   0.7286
i_ant=171, d=   261.9[m], phi=    95.8[deg], I,Q/I,V/I,U/I=   0.1787E+09   0.9514   0.2723   0.1285; Data:   0.6127E-07  -0.6790  -0.4940   0.5287
i_ant=172, d=   255.3[m], phi=    96.9[deg], I,Q/I,V/I,U/I=   0.1930E+09   0.9536   0.2670   0.1238; Data:   0.6523E-07  -0.7275  -0.5204   0.4396
i_ant=173, d=   240.7[m], phi=   100.2[deg], I,Q/I,V/I,U/I=   0.2299E+09   0.9584   0.2545   0.1153; Data:   0.5159E-07  -0.5453  -0.7936   0.2630
i_ant=174, d=   241.5[m], phi=   101.8[deg], I,Q/I,V/I,U/I=   0.2260E+09   0.9583   0.2544   0.1160; Data:   0.5379E-07  -0.5022  -0.7440   0.4320
i_ant=175, d=   235.2[m], phi=   101.9[deg], I,Q/I,V/I,U/I=   0.2441E+09   0.9604   0.2491   0.1109; Data:   0.5210E-07  -0.3212  -0.6566   0.6604
i_ant=176, d=   248.9[m], phi=   110.4[deg], I,Q/I,V/I,U/I=   0.1962E+09   0.9580   0.2532   0.1198; Data:   0.5453E-07  -0.6147  -0.6016   0.5032
i_ant=177, d=   274.4[m], phi=   111.1[deg], I,Q/I,V/I,U/I=   0.1426E+09   0.9499   0.2709   0.1396; Data:   0.5310E-07  -0.6127  -0.5659   0.5409
i_ant=178, d=   303.9[m], phi=   107.6[deg], I,Q/I,V/I,U/I=   0.1048E+09   0.9385   0.2950   0.1613; Data:   0.5876E-07  -0.7907  -0.3415   0.4893
i_ant=179, d=   308.8[m], phi=    99.4[deg], I,Q/I,V/I,U/I=   0.1037E+09   0.9351   0.3043   0.1632; Data:   0.4210E-07  -0.7031  -0.5352   0.4465
i_ant=180, d=   279.4[m], phi=    94.5[deg], I,Q/I,V/I,U/I=   0.1468E+09   0.9457   0.2845   0.1412; Data:   0.6041E-07  -0.6513  -0.5076   0.5452
i_ant=181, d=   239.5[m], phi=    98.1[deg], I,Q/I,V/I,U/I=   0.2357E+09   0.9587   0.2541   0.1141; Data:   0.4734E-07  -0.4651  -0.4998   0.6838
i_ant=182, d=   454.9[m], phi=   132.5[deg], I,Q/I,V/I,U/I=   0.2093E+08   0.9098   0.3059   0.2565; Data:   0.9603E-08  -0.9343  -0.3211  -0.0671
i_ant=183, d=   455.4[m], phi=   132.8[deg], I,Q/I,V/I,U/I=   0.2078E+08   0.9104   0.3044   0.2561; Data:   0.1035E-07  -0.8714   0.3832   0.0125
i_ant=184, d=   470.7[m], phi=   133.0[deg], I,Q/I,V/I,U/I=   0.1821E+08   0.9055   0.3092   0.2658; Data:   0.6770E-08  -0.5523   0.0941  -0.4524
i_ant=185, d=   482.8[m], phi=   131.8[deg], I,Q/I,V/I,U/I=   0.1663E+08   0.8979   0.3187   0.2781; Data:   0.1044E-07  -0.3634   0.5622  -0.5750
i_ant=186, d=   473.6[m], phi=   128.7[deg], I,Q/I,V/I,U/I=   0.1834E+08   0.8946   0.3285   0.2773; Data:   0.8489E-08  -0.8662   0.1260   0.0450
i_ant=187, d=   454.0[m], phi=   129.0[deg], I,Q/I,V/I,U/I=   0.2159E+08   0.9025   0.3202   0.2633; Data:   0.1450E-07  -0.8191  -0.2037  -0.5224
i_ant=188, d=   447.7[m], phi=   129.6[deg], I,Q/I,V/I,U/I=   0.2270E+08   0.9064   0.3152   0.2569; Data:   0.1887E-07  -0.9127   0.1656  -0.2893
i_ant=189, d=   446.8[m], phi=   130.9[deg], I,Q/I,V/I,U/I=   0.2268E+08   0.9094   0.3097   0.2536; Data:   0.1236E-07  -0.8802  -0.3817  -0.1234
i_ant=190, d=   449.4[m], phi=   133.1[deg], I,Q/I,V/I,U/I=   0.2184E+08   0.9132   0.3013   0.2508; Data:   0.1043E-07  -0.8160   0.1297  -0.1482
i_ant=191, d=   461.0[m], phi=   133.7[deg], I,Q/I,V/I,U/I=   0.1967E+08   0.9104   0.3025   0.2583; Data:   0.1073E-07  -0.8513   0.1920  -0.4648
i_ant=192, d=   467.3[m], phi=   133.8[deg], I,Q/I,V/I,U/I=   0.1865E+08   0.9085   0.3046   0.2618; Data:   0.7907E-08  -0.4543   0.0818  -0.8759
i_ant=193, d=   475.6[m], phi=   133.6[deg], I,Q/I,V/I,U/I=   0.1743E+08   0.9053   0.3079   0.2680; Data:   0.5607E-08  -0.6795  -0.1646  -0.5420
i_ant=194, d=   486.5[m], phi=   132.0[deg], I,Q/I,V/I,U/I=   0.1609E+08   0.8969   0.3191   0.2805; Data:   0.4548E-08  -0.7663   0.5691  -0.1910
i_ant=195, d=   489.5[m], phi=   131.1[deg], I,Q/I,V/I,U/I=   0.1579E+08   0.8935   0.3242   0.2849; Data:   0.3481E-08  -0.8154   0.2683   0.3523
i_ant=196, d=   489.8[m], phi=   129.5[deg], I,Q/I,V/I,U/I=   0.1593E+08   0.8895   0.3312   0.2885; Data:   0.9320E-08  -0.9803   0.0105   0.0697
i_ant=197, d=   461.3[m], phi=   127.7[deg], I,Q/I,V/I,U/I=   0.2048E+08   0.8969   0.3280   0.2713; Data:   0.9378E-08  -0.7762  -0.1960  -0.4285
i_ant=198, d=   446.0[m], phi=   128.4[deg], I,Q/I,V/I,U/I=   0.2322E+08   0.9046   0.3194   0.2579; Data:   0.9750E-08  -0.9165  -0.3063  -0.1040
i_ant=199, d=   438.6[m], phi=   130.4[deg], I,Q/I,V/I,U/I=   0.2443E+08   0.9116   0.3083   0.2480; Data:   0.2143E-07  -0.9804   0.0741  -0.1273
i_ant=200, d=   432.6[m], phi=   132.1[deg], I,Q/I,V/I,U/I=   0.2549E+08   0.9171   0.2995   0.2400; Data:   0.1303E-07  -0.8558   0.1492  -0.1281
i_ant=201, d=   455.5[m], phi=   134.3[deg], I,Q/I,V/I,U/I=   0.2055E+08   0.9139   0.2977   0.2524; Data:   0.9424E-08  -0.4784  -0.2193  -0.6352
i_ant=202, d=   463.0[m], phi=   134.6[deg], I,Q/I,V/I,U/I=   0.1922E+08   0.9120   0.2990   0.2570; Data:   0.6500E-08  -0.9612  -0.0057  -0.0348
i_ant=203, d=   495.1[m], phi=   132.6[deg], I,Q/I,V/I,U/I=   0.1492E+08   0.8950   0.3195   0.2855; Data:   0.7893E-08  -0.3009  -0.4464  -0.8179
i_ant=204, d=   498.9[m], phi=   131.3[deg], I,Q/I,V/I,U/I=   0.1459E+08   0.8899   0.3270   0.2917; Data:   0.6277E-08  -0.7788  -0.0357  -0.5282
i_ant=205, d=   495.2[m], phi=   130.3[deg], I,Q/I,V/I,U/I=   0.1515E+08   0.8891   0.3299   0.2910; Data:   0.5691E-08  -0.7413   0.1436  -0.6038
i_ant=206, d=   457.5[m], phi=   126.6[deg], I,Q/I,V/I,U/I=   0.2131E+08   0.8962   0.3309   0.2703; Data:   0.8460E-08  -0.7020  -0.3947   0.4601
i_ant=207, d=   450.8[m], phi=   127.1[deg], I,Q/I,V/I,U/I=   0.2248E+08   0.9002   0.3260   0.2638; Data:   0.1270E-07  -0.8325  -0.3287  -0.1127
i_ant=208, d=   435.5[m], phi=   128.9[deg], I,Q/I,V/I,U/I=   0.2537E+08   0.9098   0.3132   0.2485; Data:   0.1343E-07  -0.6907  -0.1483  -0.6008
i_ant=209, d=   495.0[m], phi=   133.8[deg], I,Q/I,V/I,U/I=   0.1480E+08   0.8983   0.3136   0.2822; Data:   0.5308E-08  -0.4957   0.4542  -0.6183
i_ant=210, d=   503.5[m], phi=   128.8[deg], I,Q/I,V/I,U/I=   0.1433E+08   0.8820   0.3393   0.3000; Data:   0.4227E-08  -0.7071   0.2792  -0.4894
i_ant=211, d=   486.9[m], phi=   127.1[deg], I,Q/I,V/I,U/I=   0.1662E+08   0.8854   0.3398   0.2906; Data:   0.9650E-08  -0.8421   0.2745  -0.3861
i_ant=212, d=   475.1[m], phi=   125.8[deg], I,Q/I,V/I,U/I=   0.1850E+08   0.8878   0.3404   0.2834; Data:   0.1235E-07  -0.8783   0.4256  -0.1748
 Calculate observables on a grid distance=   10.000000000000000       [m], polar= T
   start    endgame @ 15: 0:21.572 -------------------------
   MGMR3D, run on 26/ 8/2025 , stopped at 15: 0:21.572 -------------------------
RadRedChisq; all= 30.022    ; I= 9.6416    ; Q= 81.715    ; U= 13.680    ; V= 15.051    ; norm=0.65959E-08; ReNorm=0.15146E-11
