./AfigSKxGenK.sh: line 4: /Users/users/rguz126/Masterthesis/Beamforming/BeamformAperture/MGMR_SC.sh: No such file or directory
GLE 4.2.5[SrcKrnlFiltMap.gle]-C

>> SrcKrnlFiltMap.gle (26) |include "RdYlBl.gle"|
>>                                              ^
>> Error: include file not found: 'RdYlBl.gle'

Errors, aborting
GLE 4.2.5[SrcKrnlFiltMap.gle]-C

>> SrcKrnlFiltMap.gle (26) |include "RdYlBl.gle"|
>>                                              ^
>> Error: include file not found: 'RdYlBl.gle'

Errors, aborting
GLE 4.2.5[SrcKrnlFiltMap.gle]-C

>> SrcKrnlFiltMap.gle (26) |include "RdYlBl.gle"|
>>                                              ^
>> Error: include file not found: 'RdYlBl.gle'

Errors, aborting
GLE 4.2.5[SrcKrnlFiltMap.gle]-C

>> SrcKrnlFiltMap.gle (26) |include "RdYlBl.gle"|
>>                                              ^
>> Error: include file not found: 'RdYlBl.gle'

Errors, aborting
GLE 4.2.5[SrcKrnlFiltMap.gle]-C

>> SrcKrnlFiltMap.gle (26) |include "RdYlBl.gle"|
>>                                              ^
>> Error: include file not found: 'RdYlBl.gle'

Errors, aborting
GLE 4.2.5[SrcKrnlFiltMap.gle]-C

>> SrcKrnlFiltMap.gle (26) |include "RdYlBl.gle"|
>>                                              ^
>> Error: include file not found: 'RdYlBl.gle'

Errors, aborting
GLE 4.2.5[SrcKrnlFiltMap.gle]-C

>> SrcKrnlFiltMap.gle (26) |include "RdYlBl.gle"|
>>                                              ^
>> Error: include file not found: 'RdYlBl.gle'

Errors, aborting
GLE 4.2.5[SrcKrnlFiltMap.gle]-C

>> SrcKrnlFiltMap.gle (26) |include "RdYlBl.gle"|
>>                                              ^
>> Error: include file not found: 'RdYlBl.gle'

Errors, aborting
GLE 4.2.5[SrcKrnlFiltMap.gle]-C

>> SrcKrnlFiltMap.gle (26) |include "RdYlBl.gle"|
>>                                              ^
>> Error: include file not found: 'RdYlBl.gle'

Errors, aborting
GLE 4.2.5[SrcKrnlFiltMap.gle]-C

>> SrcKrnlFiltMap.gle (26) |include "RdYlBl.gle"|
>>                                              ^
>> Error: include file not found: 'RdYlBl.gle'

Errors, aborting
GLE 4.2.5[SrcKrnlFiltMap.gle]-C

>> SrcKrnlFiltMap.gle (26) |include "RdYlBl.gle"|
>>                                              ^
>> Error: include file not found: 'RdYlBl.gle'

Errors, aborting
GLE 4.2.5[SrcKrnlFiltMap.gle]-C

>> SrcKrnlFiltMap.gle (26) |include "RdYlBl.gle"|
>>                                              ^
>> Error: include file not found: 'RdYlBl.gle'

Errors, aborting
GLE 4.2.5[SrcKrnlFiltMap.gle]-C

>> SrcKrnlFiltMap.gle (26) |include "RdYlBl.gle"|
>>                                              ^
>> Error: include file not found: 'RdYlBl.gle'

Errors, aborting
GLE 4.2.5[SrcKrnlFiltMap.gle]-C

>> SrcKrnlFiltMap.gle (26) |include "RdYlBl.gle"|
>>                                              ^
>> Error: include file not found: 'RdYlBl.gle'

Errors, aborting
GLE 4.2.5[SrcKrnlFiltMap.gle]-C

>> SrcKrnlFiltMap.gle (26) |include "RdYlBl.gle"|
>>                                              ^
>> Error: include file not found: 'RdYlBl.gle'

Errors, aborting
